Base path: C:/Program Files/Unity/Editor/Data
Pipe name: \\.\pipe\UnityShaderCompiler-64bit-1-8664
Cmd: getPlatforms
Cmd: preprocess
  insize=1686 outsize=1133 ok=1
Cmd: compileSnippet
  api=4 type=0 insize=889 outsize=1534 kw=SHADOWS_DEPTH pd= ok=1
Cmd: compileSnippet
  api=4 type=1 insize=889 outsize=884 kw=SHADOWS_DEPTH pd= ok=1
Cmd: preprocess
  insize=3151 outsize=882 ok=1
Cmd: compileSnippet
  api=4 type=0 insize=2568 outsize=1209 kw= pd= ok=1
Cmd: compileSnippet
  api=4 type=1 insize=2568 outsize=989 kw= pd= ok=1
Cmd: preprocess
  insize=1451 outsize=501 ok=1
Cmd: compileSnippet
  api=4 type=0 insize=1252 outsize=1290 kw=SOFTPARTICLES_OFF pd= ok=1
Cmd: compileSnippet
  api=4 type=1 insize=1252 outsize=924 kw=SOFTPARTICLES_OFF pd= ok=1
Cmd: preprocess
  insize=234 outsize=231 ok=1
Cmd: preprocess
  insize=1787 outsize=1231 ok=1
Cmd: compileSnippet
  api=4 type=0 insize=889 outsize=1534 kw=SHADOWS_DEPTH pd= ok=1
Cmd: compileSnippet
  api=4 type=1 insize=889 outsize=884 kw=SHADOWS_DEPTH pd= ok=1
Cmd: preprocess
  insize=1867 outsize=1065 ok=1
Cmd: compileSnippet
  api=4 type=0 insize=1104 outsize=1266 kw= pd= ok=1
Cmd: compileSnippet
  api=4 type=1 insize=1104 outsize=965 kw= pd= ok=1
Cmd: compileSnippet
  api=4 type=0 insize=751 outsize=3533 kw=SHADOWS_DEPTH pd= ok=1
Cmd: compileSnippet
  api=4 type=1 insize=751 outsize=380 kw=SHADOWS_DEPTH pd= ok=1
Cmd: compileSnippet
  api=4 type=0 insize=982 outsize=3979 kw=DIRECTIONAL SHADOWS_OFF LIGHTMAP_OFF DIRLIGHTMAP_OFF DYNAMICLIGHTMAP_OFF _EMISSION pd= ok=1
Cmd: compileSnippet
  api=4 type=1 insize=982 outsize=10829 kw=DIRECTIONAL SHADOWS_OFF LIGHTMAP_OFF DIRLIGHTMAP_OFF DYNAMICLIGHTMAP_OFF _EMISSION pd= ok=1
